{
  "stats": {
    "suites": 1,
    "tests": 2,
    "passes": 2,
    "pending": 0,
    "failures": 0,
    "start": "2024-03-17T20:35:10.002Z",
    "end": "2024-03-17T20:35:16.571Z",
    "duration": 6569,
    "testsRegistered": 2,
    "passPercent": 100,
    "pendingPercent": 0,
    "other": 0,
    "hasOther": false,
    "skipped": 0,
    "hasSkipped": false
  },
  "results": [
    {
      "uuid": "7fa3466c-551e-4178-b8a8-6d4f62d6b427",
      "title": "",
      "fullFile": "cypress\\e2e\\Tc_010_hookimplimanation.spec.cy.js",
      "file": "cypress\\e2e\\Tc_010_hookimplimanation.spec.cy.js",
      "beforeHooks": [],
      "afterHooks": [],
      "tests": [],
      "suites": [
        {
          "uuid": "75bfdb34-5767-4c96-b66f-10fc0837b5d7",
          "title": "Hook implimntition",
          "fullFile": "",
          "file": "",
          "beforeHooks": [],
          "afterHooks": [],
          "tests": [
            {
              "title": "check the Payment history",
              "fullTitle": "Hook implimntition check the Payment history",
              "timedOut": null,
              "duration": 3970,
              "state": "passed",
              "speed": "fast",
              "pass": true,
              "fail": false,
              "pending": false,
              "context": null,
              "code": "cy.get('body > div:nth-child(2) > div:nth-child(1) > div:nth-child(2) > div:nth-child(1) > div:nth-child(1) > div:nth-child(2) > a:nth-child(2)').click();",
              "err": {},
              "uuid": "369655cb-b149-4f9d-b828-7d1ebade3f5c",
              "parentUUID": "75bfdb34-5767-4c96-b66f-10fc0837b5d7",
              "isHook": false,
              "skipped": false
            },
            {
              "title": "To check download functionality",
              "fullTitle": "Hook implimntition To check download functionality",
              "timedOut": null,
              "duration": 2499,
              "state": "passed",
              "speed": "fast",
              "pass": true,
              "fail": false,
              "pending": false,
              "context": null,
              "code": "cy.get('body > div:nth-child(2) > div:nth-child(1) > div:nth-child(2) > div:nth-child(1) > div:nth-child(1) > div:nth-child(2) > a:nth-child(6)').click();",
              "err": {},
              "uuid": "f5a5b57b-b56c-42aa-82a4-2f539f006907",
              "parentUUID": "75bfdb34-5767-4c96-b66f-10fc0837b5d7",
              "isHook": false,
              "skipped": false
            }
          ],
          "suites": [],
          "passes": [
            "369655cb-b149-4f9d-b828-7d1ebade3f5c",
            "f5a5b57b-b56c-42aa-82a4-2f539f006907"
          ],
          "failures": [],
          "pending": [],
          "skipped": [],
          "duration": 6469,
          "root": false,
          "rootEmpty": false,
          "_timeout": 2000
        }
      ],
      "passes": [],
      "failures": [],
      "pending": [],
      "skipped": [],
      "duration": 0,
      "root": true,
      "rootEmpty": true,
      "_timeout": 2000
    }
  ],
  "meta": {
    "mocha": {
      "version": "7.0.1"
    },
    "mochawesome": {
      "options": {
        "quiet": true,
        "reportFilename": "mochawesome",
        "saveHtml": false,
        "saveJson": true,
        "consoleReporter": "spec",
        "useInlineDiffs": false,
        "code": true
      },
      "version": "7.1.3"
    },
    "marge": {
      "options": {
        "id": "default",
        "reportDir": "cypress/reports/mocha",
        "quiet": true,
        "overwrite": false,
        "html": false,
        "json": true,
        "video": true
      },
      "version": "6.2.0"
    }
  }
}