{
  "stats": {
    "suites": 1,
    "tests": 1,
    "passes": 1,
    "pending": 0,
    "failures": 0,
    "start": "2024-03-17T20:34:09.139Z",
    "end": "2024-03-17T20:34:17.040Z",
    "duration": 7901,
    "testsRegistered": 1,
    "passPercent": 100,
    "pendingPercent": 0,
    "other": 0,
    "hasOther": false,
    "skipped": 0,
    "hasSkipped": false
  },
  "results": [
    {
      "uuid": "95b1aef0-43e2-4d91-8f55-2213b8b826d2",
      "title": "",
      "fullFile": "cypress\\e2e\\Tc_001_Login.spec.cy.js",
      "file": "cypress\\e2e\\Tc_001_Login.spec.cy.js",
      "beforeHooks": [],
      "afterHooks": [],
      "tests": [],
      "suites": [
        {
          "uuid": "df727533-2525-4cbb-8b51-8be359b55126",
          "title": "Login Functionality",
          "fullFile": "",
          "file": "",
          "beforeHooks": [],
          "afterHooks": [],
          "tests": [
            {
              "title": "Login",
              "fullTitle": "Login Functionality Login",
              "timedOut": null,
              "duration": 7859,
              "state": "passed",
              "speed": "medium",
              "pass": true,
              "fail": false,
              "pending": false,
              "context": null,
              "code": "cy.log('Starting the login test...');\ncy.visit('http://139.5.189.142:3111/signin');\ncy.log('Visiting the login page...');\ncy.get('#email').type('ruturajdarekar24@gmail.com');\ncy.log('Typing email...');\ncy.get('#password').type('Test@123');\ncy.log('Typing password...');\ncy.get('.signinform-button').click();\ncy.log('Clicking the sign-in button...');\ncy.title().should('eq', 'My Funding Account');\ncy.log('Asserting the title...');\ncy.log('Login test completed.');",
              "err": {},
              "uuid": "73258007-d953-4179-a323-58ea210d31de",
              "parentUUID": "df727533-2525-4cbb-8b51-8be359b55126",
              "isHook": false,
              "skipped": false
            }
          ],
          "suites": [],
          "passes": [
            "73258007-d953-4179-a323-58ea210d31de"
          ],
          "failures": [],
          "pending": [],
          "skipped": [],
          "duration": 7859,
          "root": false,
          "rootEmpty": false,
          "_timeout": 2000
        }
      ],
      "passes": [],
      "failures": [],
      "pending": [],
      "skipped": [],
      "duration": 0,
      "root": true,
      "rootEmpty": true,
      "_timeout": 2000
    }
  ],
  "meta": {
    "mocha": {
      "version": "7.0.1"
    },
    "mochawesome": {
      "options": {
        "quiet": true,
        "reportFilename": "mochawesome",
        "saveHtml": false,
        "saveJson": true,
        "consoleReporter": "spec",
        "useInlineDiffs": false,
        "code": true
      },
      "version": "7.1.3"
    },
    "marge": {
      "options": {
        "id": "default",
        "reportDir": "cypress/reports/mocha",
        "quiet": true,
        "overwrite": false,
        "html": false,
        "json": true,
        "video": true
      },
      "version": "6.2.0"
    }
  }
}