{
  "stats": {
    "suites": 1,
    "tests": 4,
    "passes": 4,
    "pending": 0,
    "failures": 0,
    "start": "2024-03-17T20:34:40.559Z",
    "end": "2024-03-17T20:34:49.179Z",
    "duration": 8620,
    "testsRegistered": 4,
    "passPercent": 100,
    "pendingPercent": 0,
    "other": 0,
    "hasOther": false,
    "skipped": 0,
    "hasSkipped": false
  },
  "results": [
    {
      "uuid": "9b1178cc-5f54-4978-aa53-dd77d791b097",
      "title": "",
      "fullFile": "cypress\\e2e\\Tc_005_Alert.spec.cy.js",
      "file": "cypress\\e2e\\Tc_005_Alert.spec.cy.js",
      "beforeHooks": [],
      "afterHooks": [],
      "tests": [],
      "suites": [
        {
          "uuid": "b0c5c4dc-0d16-4c03-96dc-ab36aaa50dae",
          "title": "Advanced UI Elements",
          "fullFile": "",
          "file": "",
          "beforeHooks": [],
          "afterHooks": [],
          "tests": [
            {
              "title": "Simple alert",
              "fullTitle": "Advanced UI Elements Simple alert",
              "timedOut": null,
              "duration": 3205,
              "state": "passed",
              "speed": "fast",
              "pass": true,
              "fail": false,
              "pending": false,
              "context": null,
              "code": "cy.visit('https://the-internet.herokuapp.com/javascript_alerts');\ncy.contains('Click for JS Alert').click();\ncy.on('window:alert', str => {\n  expect(str).to.equal('I am a JS Alert');\n});\ncy.get('#result').should('contain', 'You successfully clicked an alert');",
              "err": {},
              "uuid": "9db40593-0ae5-4c97-a5ba-58d8d55217d0",
              "parentUUID": "b0c5c4dc-0d16-4c03-96dc-ab36aaa50dae",
              "isHook": false,
              "skipped": false
            },
            {
              "title": "Confirmation alert - Ok button",
              "fullTitle": "Advanced UI Elements Confirmation alert - Ok button",
              "timedOut": null,
              "duration": 1357,
              "state": "passed",
              "speed": "fast",
              "pass": true,
              "fail": false,
              "pending": false,
              "context": null,
              "code": "cy.visit('https://the-internet.herokuapp.com/javascript_alerts');\ncy.contains('Click for JS Confirm').click();\ncy.on('window:confirm', str => {\n  expect(str).to.equal('I am a JS Confirm');\n});\ncy.get('#result').should('contain', 'You clicked: Ok');",
              "err": {},
              "uuid": "97618933-9963-49bb-8450-4e6135f005c7",
              "parentUUID": "b0c5c4dc-0d16-4c03-96dc-ab36aaa50dae",
              "isHook": false,
              "skipped": false
            },
            {
              "title": "Confirmation alert - Cancel button",
              "fullTitle": "Advanced UI Elements Confirmation alert - Cancel button",
              "timedOut": null,
              "duration": 514,
              "state": "passed",
              "speed": "fast",
              "pass": true,
              "fail": false,
              "pending": false,
              "context": null,
              "code": "cy.visit('https://the-internet.herokuapp.com/javascript_alerts');\ncy.contains('Click for JS Confirm').click();\ncy.on('window:confirm', str => {\n  expect(str).to.equal('I am a JS Confirm');\n  return false;\n});\ncy.get('#result').should('contain', 'You clicked: Cancel');",
              "err": {},
              "uuid": "9c4fd6d4-6d55-4a10-85ed-77a76d9d44d3",
              "parentUUID": "b0c5c4dc-0d16-4c03-96dc-ab36aaa50dae",
              "isHook": false,
              "skipped": false
            },
            {
              "title": "Prompt Alert",
              "fullTitle": "Advanced UI Elements Prompt Alert",
              "timedOut": null,
              "duration": 458,
              "state": "passed",
              "speed": "fast",
              "pass": true,
              "fail": false,
              "pending": false,
              "context": null,
              "code": "cy.visit('https://the-internet.herokuapp.com/javascript_alerts');\ncy.window().then(function ($win) {\n  cy.stub($win, 'prompt').returns('Hello Alert');\n  cy.contains('Click for JS Prompt').click();\n});\ncy.get('#result').should('contain', 'You entered: Hello Alert');",
              "err": {},
              "uuid": "66d9adf7-f3ad-478d-8366-ab4bad311177",
              "parentUUID": "b0c5c4dc-0d16-4c03-96dc-ab36aaa50dae",
              "isHook": false,
              "skipped": false
            }
          ],
          "suites": [],
          "passes": [
            "9db40593-0ae5-4c97-a5ba-58d8d55217d0",
            "97618933-9963-49bb-8450-4e6135f005c7",
            "9c4fd6d4-6d55-4a10-85ed-77a76d9d44d3",
            "66d9adf7-f3ad-478d-8366-ab4bad311177"
          ],
          "failures": [],
          "pending": [],
          "skipped": [],
          "duration": 5534,
          "root": false,
          "rootEmpty": false,
          "_timeout": 2000
        }
      ],
      "passes": [],
      "failures": [],
      "pending": [],
      "skipped": [],
      "duration": 0,
      "root": true,
      "rootEmpty": true,
      "_timeout": 2000
    }
  ],
  "meta": {
    "mocha": {
      "version": "7.0.1"
    },
    "mochawesome": {
      "options": {
        "quiet": true,
        "reportFilename": "mochawesome",
        "saveHtml": false,
        "saveJson": true,
        "consoleReporter": "spec",
        "useInlineDiffs": false,
        "code": true
      },
      "version": "7.1.3"
    },
    "marge": {
      "options": {
        "id": "default",
        "reportDir": "cypress/reports/mocha",
        "quiet": true,
        "overwrite": false,
        "html": false,
        "json": true,
        "video": true
      },
      "version": "6.2.0"
    }
  }
}