{
  "stats": {
    "suites": 1,
    "tests": 1,
    "passes": 1,
    "pending": 0,
    "failures": 0,
    "start": "2024-03-17T20:34:33.286Z",
    "end": "2024-03-17T20:34:39.232Z",
    "duration": 5946,
    "testsRegistered": 1,
    "passPercent": 100,
    "pendingPercent": 0,
    "other": 0,
    "hasOther": false,
    "skipped": 0,
    "hasSkipped": false
  },
  "results": [
    {
      "uuid": "64582bb9-e79f-4680-af4a-273073f652d0",
      "title": "",
      "fullFile": "cypress\\e2e\\Tc_004_Dropdown.spec.cy.js",
      "file": "cypress\\e2e\\Tc_004_Dropdown.spec.cy.js",
      "beforeHooks": [],
      "afterHooks": [],
      "tests": [],
      "suites": [
        {
          "uuid": "3dfb24ba-4c1e-4f55-9d36-17264e7634e4",
          "title": "Login Functionality",
          "fullFile": "",
          "file": "",
          "beforeHooks": [],
          "afterHooks": [],
          "tests": [
            {
              "title": "Login EE",
              "fullTitle": "Login Functionality Login EE",
              "timedOut": null,
              "duration": 5903,
              "state": "passed",
              "speed": "medium",
              "pass": true,
              "fail": false,
              "pending": false,
              "context": null,
              "code": "cy.visit('http://139.5.189.142:3111/signin');\ncy.get('#email').type('ruturajdarekar24@gmail.com');\ncy.get('#password').type('Test@123');\ncy.get('.signinform-button').click();\ncy.get('body > div:nth-child(2) > div:nth-child(1) > div:nth-child(2) > div:nth-child(1) > div:nth-child(1) > div:nth-child(2) > a:nth-child(3)').click();\ncy.get('body > div:nth-child(2) > div:nth-child(1) > div:nth-child(2) > div:nth-child(2) > div:nth-child(1) > div:nth-child(2) > div:nth-child(3) > div:nth-child(1) > div:nth-child(2) > div:nth-child(1) > div:nth-child(2) > ul:nth-child(1) > li:nth-child(4) > div:nth-child(1) > div:nth-child(2) > div:nth-child(3) > a:nth-child(1) > button:nth-child(1) > p:nth-child(1)').scrollIntoView();\ncy.get('button[aria-label=\"Next slide\"]').click().click().click();\ncy.get('body > div:nth-child(2) > div:nth-child(1) > div:nth-child(2) > div:nth-child(2) > div:nth-child(1) > div:nth-child(2) > div:nth-child(3) > div:nth-child(1) > div:nth-child(2) > div:nth-child(1) > div:nth-child(2) > ul:nth-child(1) > li:nth-child(4) > div:nth-child(1) > div:nth-child(2) > div:nth-child(3) > a:nth-child(1) > button:nth-child(1)').click();\ncy.get('body > div:nth-child(2) > div:nth-child(1) > div:nth-child(2) > div:nth-child(2) > div:nth-child(1) > div:nth-child(2) > div:nth-child(2) > div:nth-child(1) > div:nth-child(2) > div:nth-child(2) > div:nth-child(1) > div:nth-child(1) > div:nth-child(2) > div:nth-child(1) > div:nth-child(2) > div:nth-child(1) > div:nth-child(3)').click().contains('Ascendx Pro');",
              "err": {},
              "uuid": "df043fba-b8a5-4fe5-89d1-3d9c9839c91f",
              "parentUUID": "3dfb24ba-4c1e-4f55-9d36-17264e7634e4",
              "isHook": false,
              "skipped": false
            }
          ],
          "suites": [],
          "passes": [
            "df043fba-b8a5-4fe5-89d1-3d9c9839c91f"
          ],
          "failures": [],
          "pending": [],
          "skipped": [],
          "duration": 5903,
          "root": false,
          "rootEmpty": false,
          "_timeout": 2000
        }
      ],
      "passes": [],
      "failures": [],
      "pending": [],
      "skipped": [],
      "duration": 0,
      "root": true,
      "rootEmpty": true,
      "_timeout": 2000
    }
  ],
  "meta": {
    "mocha": {
      "version": "7.0.1"
    },
    "mochawesome": {
      "options": {
        "quiet": true,
        "reportFilename": "mochawesome",
        "saveHtml": false,
        "saveJson": true,
        "consoleReporter": "spec",
        "useInlineDiffs": false,
        "code": true
      },
      "version": "7.1.3"
    },
    "marge": {
      "options": {
        "id": "default",
        "reportDir": "cypress/reports/mocha",
        "quiet": true,
        "overwrite": false,
        "html": false,
        "json": true,
        "video": true
      },
      "version": "6.2.0"
    }
  }
}