{
  "stats": {
    "suites": 1,
    "tests": 2,
    "passes": 0,
    "pending": 0,
    "failures": 2,
    "start": "2024-03-17T20:33:49.192Z",
    "end": "2024-03-17T20:33:49.706Z",
    "duration": 514,
    "testsRegistered": 2,
    "passPercent": 0,
    "pendingPercent": 0,
    "other": 0,
    "hasOther": false,
    "skipped": 0,
    "hasSkipped": false
  },
  "results": [
    {
      "uuid": "520ea87b-8ae3-4415-835c-ebb372db143f",
      "title": "",
      "fullFile": "cypress\\e2e\\Tc13_CustomCommand.spec.cy.js",
      "file": "cypress\\e2e\\Tc13_CustomCommand.spec.cy.js",
      "beforeHooks": [],
      "afterHooks": [],
      "tests": [],
      "suites": [
        {
          "uuid": "724d4802-0878-4917-a698-13cb7db2be13",
          "title": "Fixtures test",
          "fullFile": "",
          "file": "",
          "beforeHooks": [],
          "afterHooks": [],
          "tests": [
            {
              "title": "Conduit - Valid Credentials",
              "fullTitle": "Fixtures test Conduit - Valid Credentials",
              "timedOut": null,
              "duration": 225,
              "state": "failed",
              "speed": null,
              "pass": false,
              "fail": true,
              "pending": false,
              "context": "[\n  \"assets/Tc13_CustomCommand.spec.cy.js/Fixtures test -- Conduit - Valid Credentials (failed).png\",\n  \"../Tc13_CustomCommand.spec.cy.js/Fixtures test -- Conduit - Valid Credentials (failed).mp4\"\n]",
              "code": "cy.conduitLogin(this.data.email, this.data.password);\ncy.get('body > div:nth-child(2) > div:nth-child(1) > div:nth-child(2) > div:nth-child(1) > div:nth-child(1) > div:nth-child(2) > a:nth-child(8)').click();\ncy.get('.logout-btn').scrollIntoView();\ncy.get('.logout-btn').click();",
              "err": {
                "message": "TypeError: cy.conduitLogin is not a function",
                "estack": "TypeError: cy.conduitLogin is not a function\n    at Context.eval (webpack://cypress-udemy-course/./cypress/e2e/Tc13_CustomCommand.spec.cy.js:10:11)",
                "diff": null
              },
              "uuid": "2dd991ec-89e9-45fe-9544-032b4814b93c",
              "parentUUID": "724d4802-0878-4917-a698-13cb7db2be13",
              "isHook": false,
              "skipped": false
            },
            {
              "title": "Conduit - Invalid Credentials",
              "fullTitle": "Fixtures test Conduit - Invalid Credentials",
              "timedOut": null,
              "duration": 215,
              "state": "failed",
              "speed": null,
              "pass": false,
              "fail": true,
              "pending": false,
              "context": "[\n  \"assets/Tc13_CustomCommand.spec.cy.js/Fixtures test -- Conduit - Invalid Credentials (failed).png\",\n  \"../Tc13_CustomCommand.spec.cy.js/Fixtures test -- Conduit - Invalid Credentials (failed).mp4\"\n]",
              "code": "cy.conduitLogin(this.data.email, this.data.passwordWrong);\ncy.get('body > div:nth-child(2) > div:nth-child(1) > div:nth-child(2) > div:nth-child(1) > div:nth-child(1) > div:nth-child(2) > a:nth-child(8)').click();\ncy.get('.error_modal_container_bottom').should('contain', 'INVALID PASSWORD');",
              "err": {
                "message": "TypeError: cy.conduitLogin is not a function",
                "estack": "TypeError: cy.conduitLogin is not a function\n    at Context.eval (webpack://cypress-udemy-course/./cypress/e2e/Tc13_CustomCommand.spec.cy.js:17:11)",
                "diff": null
              },
              "uuid": "0cd851fa-d800-4b89-91ba-0e9ee923e4b5",
              "parentUUID": "724d4802-0878-4917-a698-13cb7db2be13",
              "isHook": false,
              "skipped": false
            }
          ],
          "suites": [],
          "passes": [],
          "failures": [
            "2dd991ec-89e9-45fe-9544-032b4814b93c",
            "0cd851fa-d800-4b89-91ba-0e9ee923e4b5"
          ],
          "pending": [],
          "skipped": [],
          "duration": 440,
          "root": false,
          "rootEmpty": false,
          "_timeout": 2000
        }
      ],
      "passes": [],
      "failures": [],
      "pending": [],
      "skipped": [],
      "duration": 0,
      "root": true,
      "rootEmpty": true,
      "_timeout": 2000
    }
  ],
  "meta": {
    "mocha": {
      "version": "7.0.1"
    },
    "mochawesome": {
      "options": {
        "quiet": true,
        "reportFilename": "mochawesome",
        "saveHtml": false,
        "saveJson": true,
        "consoleReporter": "spec",
        "useInlineDiffs": false,
        "code": true
      },
      "version": "7.1.3"
    },
    "marge": {
      "options": {
        "id": "default",
        "reportDir": "cypress/reports/mocha",
        "quiet": true,
        "overwrite": false,
        "html": false,
        "json": true,
        "video": true
      },
      "version": "6.2.0"
    }
  }
}