{
  "stats": {
    "suites": 1,
    "tests": 1,
    "passes": 1,
    "pending": 0,
    "failures": 0,
    "start": "2024-03-17T20:35:03.398Z",
    "end": "2024-03-17T20:35:08.615Z",
    "duration": 5217,
    "testsRegistered": 1,
    "passPercent": 100,
    "pendingPercent": 0,
    "other": 0,
    "hasOther": false,
    "skipped": 0,
    "hasSkipped": false
  },
  "results": [
    {
      "uuid": "f71eda9a-ef01-4b55-9b17-00cb934ccc43",
      "title": "",
      "fullFile": "cypress\\e2e\\Tc_009_Browser_control.spec.cy.js",
      "file": "cypress\\e2e\\Tc_009_Browser_control.spec.cy.js",
      "beforeHooks": [],
      "afterHooks": [],
      "tests": [],
      "suites": [
        {
          "uuid": "c87d9087-0e95-4c39-a6be-d62aa7c9459b",
          "title": "Browsers controls",
          "fullFile": "",
          "file": "",
          "beforeHooks": [],
          "afterHooks": [],
          "tests": [
            {
              "title": "controls",
              "fullTitle": "Browsers controls controls",
              "timedOut": null,
              "duration": 5151,
              "state": "passed",
              "speed": "medium",
              "pass": true,
              "fail": false,
              "pending": false,
              "context": null,
              "code": "cy.visit('http://139.5.189.142:3111/signin');\ncy.get('#email').type('ruturajdarekar24@gmail.com');\ncy.get('#password').type('Test@123');\ncy.get('.signinform-button').click();\ncy.get('body > div:nth-child(2) > div:nth-child(1) > div:nth-child(2) > div:nth-child(1) > div:nth-child(1) > div:nth-child(2) > a:nth-child(2)').click();\ncy.go('back');\ncy.go('forward');\ncy.reload();",
              "err": {},
              "uuid": "24667db0-e708-4ac6-b086-2f8603aee216",
              "parentUUID": "c87d9087-0e95-4c39-a6be-d62aa7c9459b",
              "isHook": false,
              "skipped": false
            }
          ],
          "suites": [],
          "passes": [
            "24667db0-e708-4ac6-b086-2f8603aee216"
          ],
          "failures": [],
          "pending": [],
          "skipped": [],
          "duration": 5151,
          "root": false,
          "rootEmpty": false,
          "_timeout": 2000
        }
      ],
      "passes": [],
      "failures": [],
      "pending": [],
      "skipped": [],
      "duration": 0,
      "root": true,
      "rootEmpty": true,
      "_timeout": 2000
    }
  ],
  "meta": {
    "mocha": {
      "version": "7.0.1"
    },
    "mochawesome": {
      "options": {
        "quiet": true,
        "reportFilename": "mochawesome",
        "saveHtml": false,
        "saveJson": true,
        "consoleReporter": "spec",
        "useInlineDiffs": false,
        "code": true
      },
      "version": "7.1.3"
    },
    "marge": {
      "options": {
        "id": "default",
        "reportDir": "cypress/reports/mocha",
        "quiet": true,
        "overwrite": false,
        "html": false,
        "json": true,
        "video": true
      },
      "version": "6.2.0"
    }
  }
}