{
  "stats": {
    "suites": 1,
    "tests": 1,
    "passes": 1,
    "pending": 0,
    "failures": 0,
    "start": "2024-03-17T20:34:55.969Z",
    "end": "2024-03-17T20:35:02.069Z",
    "duration": 6100,
    "testsRegistered": 1,
    "passPercent": 100,
    "pendingPercent": 0,
    "other": 0,
    "hasOther": false,
    "skipped": 0,
    "hasSkipped": false
  },
  "results": [
    {
      "uuid": "e424ce17-386e-4d5f-86f1-ad9acff51185",
      "title": "",
      "fullFile": "cypress\\e2e\\Tc_007_ifream.spec.cy.js",
      "file": "cypress\\e2e\\Tc_007_ifream.spec.cy.js",
      "beforeHooks": [],
      "afterHooks": [],
      "tests": [],
      "suites": [
        {
          "uuid": "af843e25-39be-4ff1-8b39-b27a92b6f873",
          "title": "Advanced UI Elements",
          "fullFile": "",
          "file": "",
          "beforeHooks": [],
          "afterHooks": [],
          "tests": [
            {
              "title": "Iframes",
              "fullTitle": "Advanced UI Elements Iframes",
              "timedOut": null,
              "duration": 4620,
              "state": "passed",
              "speed": "fast",
              "pass": true,
              "fail": false,
              "pending": false,
              "context": null,
              "code": "cy.visit('https://the-internet.herokuapp.com/iframe');\ncy.get('#mce_0_ifr').within(function ($iframe) {\n  //Adding Wait for page to load fully\n  cy.wait(500);\n  const frame = $iframe.contents().find('#tinymce');\n  cy.wrap(frame).clear().type(\"Hello\");\n});",
              "err": {},
              "uuid": "58ad9913-b455-41ac-acb3-71999fabf2ff",
              "parentUUID": "af843e25-39be-4ff1-8b39-b27a92b6f873",
              "isHook": false,
              "skipped": false
            }
          ],
          "suites": [],
          "passes": [
            "58ad9913-b455-41ac-acb3-71999fabf2ff"
          ],
          "failures": [],
          "pending": [],
          "skipped": [],
          "duration": 4620,
          "root": false,
          "rootEmpty": false,
          "_timeout": 2000
        }
      ],
      "passes": [],
      "failures": [],
      "pending": [],
      "skipped": [],
      "duration": 0,
      "root": true,
      "rootEmpty": true,
      "_timeout": 2000
    }
  ],
  "meta": {
    "mocha": {
      "version": "7.0.1"
    },
    "mochawesome": {
      "options": {
        "quiet": true,
        "reportFilename": "mochawesome",
        "saveHtml": false,
        "saveJson": true,
        "consoleReporter": "spec",
        "useInlineDiffs": false,
        "code": true
      },
      "version": "7.1.3"
    },
    "marge": {
      "options": {
        "id": "default",
        "reportDir": "cypress/reports/mocha",
        "quiet": true,
        "overwrite": false,
        "html": false,
        "json": true,
        "video": true
      },
      "version": "6.2.0"
    }
  }
}