{
  "stats": {
    "suites": 1,
    "tests": 1,
    "passes": 1,
    "pending": 0,
    "failures": 0,
    "start": "2024-03-17T20:34:50.504Z",
    "end": "2024-03-17T20:34:54.643Z",
    "duration": 4139,
    "testsRegistered": 1,
    "passPercent": 100,
    "pendingPercent": 0,
    "other": 0,
    "hasOther": false,
    "skipped": 0,
    "hasSkipped": false
  },
  "results": [
    {
      "uuid": "f91716ee-99b1-4fb0-9408-ce023c1e867f",
      "title": "",
      "fullFile": "cypress\\e2e\\Tc_006_WebTable.spec.cy.js",
      "file": "cypress\\e2e\\Tc_006_WebTable.spec.cy.js",
      "beforeHooks": [],
      "afterHooks": [],
      "tests": [],
      "suites": [
        {
          "uuid": "8e5ab042-ae96-4952-9d0a-dc54170a7b75",
          "title": "Advanced UI Elements",
          "fullFile": "",
          "file": "",
          "beforeHooks": [],
          "afterHooks": [],
          "tests": [
            {
              "title": "Web Tables",
              "fullTitle": "Advanced UI Elements Web Tables",
              "timedOut": null,
              "duration": 2665,
              "state": "passed",
              "speed": "fast",
              "pass": true,
              "fail": false,
              "pending": false,
              "context": null,
              "code": "cy.visit('https://the-internet.herokuapp.com/tables');\n// 1 - Check value present anywhere in the table\ncy.get('#table1').contains('td', 'http://www.jdoe.com').should('be.visible');\n// 2 - Check value based on specific row and column\ncy.get(`#table1>tbody>tr:nth-child(${row})>td:nth-child(${col})`).contains('td', 'jsmith@gmail.com').should('be.visible');\n// 3 - Check value based on a condition\ncy.get('#table1>tbody>tr>td:nth-child(2)').each(($ele, index, $list) => {\n  const fname = $ele.text();\n  if (fname.includes('Frank')) {\n    cy.get('#table1>tbody>tr>td:nth-child(4)').eq(index).then(function ($due) {\n      const dueAmount = $due.text();\n      expect(dueAmount).to.equal('$51.00');\n    });\n  }\n});",
              "err": {},
              "uuid": "b29b6858-f94e-46b8-83ad-c60482bb38cd",
              "parentUUID": "8e5ab042-ae96-4952-9d0a-dc54170a7b75",
              "isHook": false,
              "skipped": false
            }
          ],
          "suites": [],
          "passes": [
            "b29b6858-f94e-46b8-83ad-c60482bb38cd"
          ],
          "failures": [],
          "pending": [],
          "skipped": [],
          "duration": 2665,
          "root": false,
          "rootEmpty": false,
          "_timeout": 2000
        }
      ],
      "passes": [],
      "failures": [],
      "pending": [],
      "skipped": [],
      "duration": 0,
      "root": true,
      "rootEmpty": true,
      "_timeout": 2000
    }
  ],
  "meta": {
    "mocha": {
      "version": "7.0.1"
    },
    "mochawesome": {
      "options": {
        "quiet": true,
        "reportFilename": "mochawesome",
        "saveHtml": false,
        "saveJson": true,
        "consoleReporter": "spec",
        "useInlineDiffs": false,
        "code": true
      },
      "version": "7.1.3"
    },
    "marge": {
      "options": {
        "id": "default",
        "reportDir": "cypress/reports/mocha",
        "quiet": true,
        "overwrite": false,
        "html": false,
        "json": true,
        "video": true
      },
      "version": "6.2.0"
    }
  }
}