{
  "stats": {
    "suites": 1,
    "tests": 1,
    "passes": 0,
    "pending": 0,
    "failures": 1,
    "start": "2024-03-17T20:34:25.485Z",
    "end": "2024-03-17T20:34:31.979Z",
    "duration": 6494,
    "testsRegistered": 1,
    "passPercent": 0,
    "pendingPercent": 0,
    "other": 0,
    "hasOther": false,
    "skipped": 0,
    "hasSkipped": false
  },
  "results": [
    {
      "uuid": "6eb60358-5f63-40c6-989e-5917ea98e569",
      "title": "",
      "fullFile": "cypress\\e2e\\Tc_003_Checkbox.spec.cy.js",
      "file": "cypress\\e2e\\Tc_003_Checkbox.spec.cy.js",
      "beforeHooks": [],
      "afterHooks": [],
      "tests": [],
      "suites": [
        {
          "uuid": "a547daaf-0556-4244-9e2c-6e1a9194ed5e",
          "title": "Login Functionality",
          "fullFile": "",
          "file": "",
          "beforeHooks": [],
          "afterHooks": [],
          "tests": [
            {
              "title": "Login EE",
              "fullTitle": "Login Functionality Login EE",
              "timedOut": null,
              "duration": 6474,
              "state": "failed",
              "speed": null,
              "pass": false,
              "fail": true,
              "pending": false,
              "context": "[\n  \"assets/Tc_003_Checkbox.spec.cy.js/Login Functionality -- Login EE (failed).png\",\n  \"../Tc_003_Checkbox.spec.cy.js/Login Functionality -- Login EE (failed).mp4\"\n]",
              "code": "cy.visit('http://139.5.189.142:3111/signin');\ncy.get('#email').type('ruturajdarekar24@gmail.com');\ncy.get('#password').type('Test@123');\ncy.get('.signinform-button').click();\ncy.get('body > div:nth-child(2) > div:nth-child(1) > div:nth-child(2) > div:nth-child(1) > div:nth-child(1) > div:nth-child(2) > a:nth-child(3)').click();\ncy.get('body > div:nth-child(2) > div:nth-child(1) > div:nth-child(2) > div:nth-child(2) > div:nth-child(1) > div:nth-child(2) > div:nth-child(3) > div:nth-child(1) > div:nth-child(2) > div:nth-child(1) > div:nth-child(2) > ul:nth-child(1) > li:nth-child(4) > div:nth-child(1) > div:nth-child(2) > div:nth-child(3) > a:nth-child(1) > button:nth-child(1) > p:nth-child(1)').scrollIntoView();\ncy.get('button[aria-label=\"Next slide\"]').click().click().click();\ncy.get('body > div:nth-child(2) > div:nth-child(1) > div:nth-child(2) > div:nth-child(2) > div:nth-child(1) > div:nth-child(2) > div:nth-child(3) > div:nth-child(1) > div:nth-child(2) > div:nth-child(1) > div:nth-child(2) > ul:nth-child(1) > li:nth-child(4) > div:nth-child(1) > div:nth-child(2) > div:nth-child(3) > a:nth-child(1) > button:nth-child(1)').click();\ncy.get('/html[1]/body[1]/div[1]/div[1]/div[2]/div[2]/div[1]/div[2]/div[2]/div[1]/div[2]/div[2]/div[1]/div[1]/div[2]/div[1]/div[3]/div[1]/label[1]/span[1]/*[name()=\"svg\"][1]').scrollIntoView();\ncy.get('svg').should('not.be.checked').click();",
              "err": {
                "message": "Error: Syntax error, unrecognized expression: /html[1]/body[1]/div[1]/div[1]/div[2]/div[2]/div[1]/div[2]/div[2]/div[1]/div[2]/div[2]/div[1]/div[1]/div[2]/div[1]/div[3]/div[1]/label[1]/span[1]/*[name()=\"svg\"][1]",
                "estack": "Error: Syntax error, unrecognized expression: /html[1]/body[1]/div[1]/div[1]/div[2]/div[2]/div[1]/div[2]/div[2]/div[1]/div[2]/div[2]/div[1]/div[1]/div[2]/div[1]/div[3]/div[1]/label[1]/span[1]/*[name()=\"svg\"][1]\n    at Sizzle.error (http://139.5.189.142:3111/__cypress/runner/cypress_runner.js:8470:8)\n    at Sizzle.tokenize (http://139.5.189.142:3111/__cypress/runner/cypress_runner.js:9122:11)\n    at Sizzle.select (http://139.5.189.142:3111/__cypress/runner/cypress_runner.js:9549:20)\n    at Function.Sizzle [as find] (http://139.5.189.142:3111/__cypress/runner/cypress_runner.js:7774:9)\n    at jQuery.fn.init.find (http://139.5.189.142:3111/__cypress/runner/cypress_runner.js:9805:11)\n    at new jQuery.fn.init (http://139.5.189.142:3111/__cypress/runner/cypress_runner.js:9920:40)\n    at Object.query (http://139.5.189.142:3111/__cypress/runner/cypress_runner.js:34703:10)\n    at $Cy.$$ (http://139.5.189.142:3111/__cypress/runner/cypress_runner.js:140343:57)\n    at <unknown> (http://139.5.189.142:3111/__cypress/runner/cypress_runner.js:132228:18)\n    at Object.subjectFn (http://139.5.189.142:3111/__cypress/runner/cypress_runner.js:144150:16)\n    at $Cy.verifyUpcomingAssertions (http://139.5.189.142:3111/__cypress/runner/cypress_runner.js:143494:31)\n    at onRetry (http://139.5.189.142:3111/__cypress/runner/cypress_runner.js:144141:15)\n    at retryQuery (http://139.5.189.142:3111/__cypress/runner/cypress_runner.js:144154:10)\n    at <unknown> (http://139.5.189.142:3111/__cypress/runner/cypress_runner.js:144304:17)\n    at tryCatcher (http://139.5.189.142:3111/__cypress/runner/cypress_runner.js:1807:23)\n    at Promise._settlePromiseFromHandler (http://139.5.189.142:3111/__cypress/runner/cypress_runner.js:1519:31)\n    at Promise._settlePromise (http://139.5.189.142:3111/__cypress/runner/cypress_runner.js:1576:18)\n    at Promise._settlePromiseCtx (http://139.5.189.142:3111/__cypress/runner/cypress_runner.js:1613:10)\n    at _drainQueueStep (http://139.5.189.142:3111/__cypress/runner/cypress_runner.js:2411:12)\n    at _drainQueue (http://139.5.189.142:3111/__cypress/runner/cypress_runner.js:2400:9)\n    at Async._drainQueues (http://139.5.189.142:3111/__cypress/runner/cypress_runner.js:2416:5)\n    at Async.drainQueues (http://139.5.189.142:3111/__cypress/runner/cypress_runner.js:2286:14)",
                "diff": null
              },
              "uuid": "0f03ad26-f349-43ca-a58d-6339545fad68",
              "parentUUID": "a547daaf-0556-4244-9e2c-6e1a9194ed5e",
              "isHook": false,
              "skipped": false
            }
          ],
          "suites": [],
          "passes": [],
          "failures": [
            "0f03ad26-f349-43ca-a58d-6339545fad68"
          ],
          "pending": [],
          "skipped": [],
          "duration": 6474,
          "root": false,
          "rootEmpty": false,
          "_timeout": 2000
        }
      ],
      "passes": [],
      "failures": [],
      "pending": [],
      "skipped": [],
      "duration": 0,
      "root": true,
      "rootEmpty": true,
      "_timeout": 2000
    }
  ],
  "meta": {
    "mocha": {
      "version": "7.0.1"
    },
    "mochawesome": {
      "options": {
        "quiet": true,
        "reportFilename": "mochawesome",
        "saveHtml": false,
        "saveJson": true,
        "consoleReporter": "spec",
        "useInlineDiffs": false,
        "code": true
      },
      "version": "7.1.3"
    },
    "marge": {
      "options": {
        "id": "default",
        "reportDir": "cypress/reports/mocha",
        "quiet": true,
        "overwrite": false,
        "html": false,
        "json": true,
        "video": true
      },
      "version": "6.2.0"
    }
  }
}