{
  "stats": {
    "suites": 1,
    "tests": 2,
    "passes": 2,
    "pending": 0,
    "failures": 0,
    "start": "2024-03-17T20:35:18.266Z",
    "end": "2024-03-17T20:35:24.273Z",
    "duration": 6007,
    "testsRegistered": 2,
    "passPercent": 100,
    "pendingPercent": 0,
    "other": 0,
    "hasOther": false,
    "skipped": 0,
    "hasSkipped": false
  },
  "results": [
    {
      "uuid": "8e2ac583-8a51-4df5-94d0-bda4f403e203",
      "title": "",
      "fullFile": "cypress\\e2e\\Tc_012_ReadCsv.spec.cy.js",
      "file": "cypress\\e2e\\Tc_012_ReadCsv.spec.cy.js",
      "beforeHooks": [],
      "afterHooks": [],
      "tests": [],
      "suites": [
        {
          "uuid": "eba0281b-c36c-4b2e-a85f-30a3aff990c7",
          "title": "Csv test",
          "fullFile": "",
          "file": "",
          "beforeHooks": [],
          "afterHooks": [],
          "tests": [
            {
              "title": "condit valid credentials",
              "fullTitle": "Csv test condit valid credentials",
              "timedOut": null,
              "duration": 3831,
              "state": "passed",
              "speed": "fast",
              "pass": true,
              "fail": false,
              "pending": false,
              "context": null,
              "code": "cy.visit('http://139.5.189.142:3111/signin');\ncy.get('#email').type(table[0].username);\ncy.get('#password').type(table[0].password);\ncy.get('.signinform-button').click();\ncy.get('body > div:nth-child(2) > div:nth-child(1) > div:nth-child(2) > div:nth-child(1) > div:nth-child(1) > div:nth-child(2) > a:nth-child(8)').click();\ncy.get('.logout-btn').scrollIntoView();\ncy.get('.logout-btn').click();",
              "err": {},
              "uuid": "756f41b3-e3de-4412-8513-65a4fddd2e83",
              "parentUUID": "eba0281b-c36c-4b2e-a85f-30a3aff990c7",
              "isHook": false,
              "skipped": false
            },
            {
              "title": "condit Invalid credentials",
              "fullTitle": "Csv test condit Invalid credentials",
              "timedOut": null,
              "duration": 2092,
              "state": "passed",
              "speed": "fast",
              "pass": true,
              "fail": false,
              "pending": false,
              "context": null,
              "code": "cy.visit('http://139.5.189.142:3111/signin');\ncy.get('#email').type(table[1].username);\ncy.get('#password').type(table[1].password);\ncy.get('.signinform-button').click();\ncy.get('.error_modal_container_bottom').should('contain', 'INVALID PASSWORD');",
              "err": {},
              "uuid": "169ad66e-c0c5-41d4-8dd1-0b207cb41412",
              "parentUUID": "eba0281b-c36c-4b2e-a85f-30a3aff990c7",
              "isHook": false,
              "skipped": false
            }
          ],
          "suites": [],
          "passes": [
            "756f41b3-e3de-4412-8513-65a4fddd2e83",
            "169ad66e-c0c5-41d4-8dd1-0b207cb41412"
          ],
          "failures": [],
          "pending": [],
          "skipped": [],
          "duration": 5923,
          "root": false,
          "rootEmpty": false,
          "_timeout": 2000
        }
      ],
      "passes": [],
      "failures": [],
      "pending": [],
      "skipped": [],
      "duration": 0,
      "root": true,
      "rootEmpty": true,
      "_timeout": 2000
    }
  ],
  "meta": {
    "mocha": {
      "version": "7.0.1"
    },
    "mochawesome": {
      "options": {
        "quiet": true,
        "reportFilename": "mochawesome",
        "saveHtml": false,
        "saveJson": true,
        "consoleReporter": "spec",
        "useInlineDiffs": false,
        "code": true
      },
      "version": "7.1.3"
    },
    "marge": {
      "options": {
        "id": "default",
        "reportDir": "cypress/reports/mocha",
        "quiet": true,
        "overwrite": false,
        "html": false,
        "json": true,
        "video": true
      },
      "version": "6.2.0"
    }
  }
}