{
  "stats": {
    "suites": 1,
    "tests": 2,
    "passes": 2,
    "pending": 0,
    "failures": 0,
    "start": "2024-03-17T20:33:53.158Z",
    "end": "2024-03-17T20:34:07.736Z",
    "duration": 14578,
    "testsRegistered": 2,
    "passPercent": 100,
    "pendingPercent": 0,
    "other": 0,
    "hasOther": false,
    "skipped": 0,
    "hasSkipped": false
  },
  "results": [
    {
      "uuid": "a31452f1-0f94-49b3-b3b5-dcc4c817b7b1",
      "title": "",
      "fullFile": "cypress\\e2e\\Tc_0011_FixtureTest.spec.cy.js",
      "file": "cypress\\e2e\\Tc_0011_FixtureTest.spec.cy.js",
      "beforeHooks": [],
      "afterHooks": [],
      "tests": [],
      "suites": [
        {
          "uuid": "dad8fec5-c910-4101-af3a-829c33813e76",
          "title": "Fixture Test",
          "fullFile": "",
          "file": "",
          "beforeHooks": [],
          "afterHooks": [],
          "tests": [
            {
              "title": "condit valid credentials",
              "fullTitle": "Fixture Test condit valid credentials",
              "timedOut": null,
              "duration": 11804,
              "state": "passed",
              "speed": "slow",
              "pass": true,
              "fail": false,
              "pending": false,
              "context": null,
              "code": "cy.visit('http://139.5.189.142:3111/signin');\ncy.get('#email').type(this.data.email);\ncy.get('#password').type(this.data.password);\ncy.get('.signinform-button').click();\ncy.get('body > div:nth-child(2) > div:nth-child(1) > div:nth-child(2) > div:nth-child(1) > div:nth-child(1) > div:nth-child(2) > a:nth-child(8)').click();\ncy.get('.logout-btn').scrollIntoView();\ncy.get('.logout-btn').click();",
              "err": {},
              "uuid": "2a5c217e-d833-4b00-b312-f45f78c38179",
              "parentUUID": "dad8fec5-c910-4101-af3a-829c33813e76",
              "isHook": false,
              "skipped": false
            },
            {
              "title": "condit Invalid credentials",
              "fullTitle": "Fixture Test condit Invalid credentials",
              "timedOut": null,
              "duration": 2672,
              "state": "passed",
              "speed": "fast",
              "pass": true,
              "fail": false,
              "pending": false,
              "context": null,
              "code": "cy.visit('http://139.5.189.142:3111/signin');\ncy.get('#email').type(this.data.email);\ncy.get('#password').type(this.data.passwordWrong);\ncy.get('.signinform-button').click();\ncy.get('.error_modal_container_bottom').should('contain', 'INVALID PASSWORD');",
              "err": {},
              "uuid": "bdcaf887-04db-4669-822e-8b3ba7ad2b3f",
              "parentUUID": "dad8fec5-c910-4101-af3a-829c33813e76",
              "isHook": false,
              "skipped": false
            }
          ],
          "suites": [],
          "passes": [
            "2a5c217e-d833-4b00-b312-f45f78c38179",
            "bdcaf887-04db-4669-822e-8b3ba7ad2b3f"
          ],
          "failures": [],
          "pending": [],
          "skipped": [],
          "duration": 14476,
          "root": false,
          "rootEmpty": false,
          "_timeout": 2000
        }
      ],
      "passes": [],
      "failures": [],
      "pending": [],
      "skipped": [],
      "duration": 0,
      "root": true,
      "rootEmpty": true,
      "_timeout": 2000
    }
  ],
  "meta": {
    "mocha": {
      "version": "7.0.1"
    },
    "mochawesome": {
      "options": {
        "quiet": true,
        "reportFilename": "mochawesome",
        "saveHtml": false,
        "saveJson": true,
        "consoleReporter": "spec",
        "useInlineDiffs": false,
        "code": true
      },
      "version": "7.1.3"
    },
    "marge": {
      "options": {
        "id": "default",
        "reportDir": "cypress/reports/mocha",
        "quiet": true,
        "overwrite": false,
        "html": false,
        "json": true,
        "video": true
      },
      "version": "6.2.0"
    }
  }
}