{
  "stats": {
    "suites": 12,
    "tests": 19,
    "passes": 16,
    "pending": 0,
    "failures": 3,
    "testsRegistered": 19,
    "passPercent": 84.21052631578948,
    "pendingPercent": 0,
    "other": 0,
    "hasOther": false,
    "skipped": 0,
    "hasSkipped": false,
    "start": "2024-03-17T20:33:49.192Z",
    "end": "2024-03-17T20:35:24.273Z",
    "duration": 95081
  },
  "results": [
    {
      "uuid": "a31452f1-0f94-49b3-b3b5-dcc4c817b7b1",
      "title": "",
      "fullFile": "cypress\\e2e\\Tc_0011_FixtureTest.spec.cy.js",
      "file": "cypress\\e2e\\Tc_0011_FixtureTest.spec.cy.js",
      "beforeHooks": [],
      "afterHooks": [],
      "tests": [],
      "suites": [
        {
          "uuid": "dad8fec5-c910-4101-af3a-829c33813e76",
          "title": "Fixture Test",
          "fullFile": "",
          "file": "",
          "beforeHooks": [],
          "afterHooks": [],
          "tests": [
            {
              "title": "condit valid credentials",
              "fullTitle": "Fixture Test condit valid credentials",
              "timedOut": null,
              "duration": 11804,
              "state": "passed",
              "speed": "slow",
              "pass": true,
              "fail": false,
              "pending": false,
              "context": null,
              "code": "cy.visit('http://139.5.189.142:3111/signin');\ncy.get('#email').type(this.data.email);\ncy.get('#password').type(this.data.password);\ncy.get('.signinform-button').click();\ncy.get('body > div:nth-child(2) > div:nth-child(1) > div:nth-child(2) > div:nth-child(1) > div:nth-child(1) > div:nth-child(2) > a:nth-child(8)').click();\ncy.get('.logout-btn').scrollIntoView();\ncy.get('.logout-btn').click();",
              "err": {},
              "uuid": "2a5c217e-d833-4b00-b312-f45f78c38179",
              "parentUUID": "dad8fec5-c910-4101-af3a-829c33813e76",
              "isHook": false,
              "skipped": false
            },
            {
              "title": "condit Invalid credentials",
              "fullTitle": "Fixture Test condit Invalid credentials",
              "timedOut": null,
              "duration": 2672,
              "state": "passed",
              "speed": "fast",
              "pass": true,
              "fail": false,
              "pending": false,
              "context": null,
              "code": "cy.visit('http://139.5.189.142:3111/signin');\ncy.get('#email').type(this.data.email);\ncy.get('#password').type(this.data.passwordWrong);\ncy.get('.signinform-button').click();\ncy.get('.error_modal_container_bottom').should('contain', 'INVALID PASSWORD');",
              "err": {},
              "uuid": "bdcaf887-04db-4669-822e-8b3ba7ad2b3f",
              "parentUUID": "dad8fec5-c910-4101-af3a-829c33813e76",
              "isHook": false,
              "skipped": false
            }
          ],
          "suites": [],
          "passes": [
            "2a5c217e-d833-4b00-b312-f45f78c38179",
            "bdcaf887-04db-4669-822e-8b3ba7ad2b3f"
          ],
          "failures": [],
          "pending": [],
          "skipped": [],
          "duration": 14476,
          "root": false,
          "rootEmpty": false,
          "_timeout": 2000
        }
      ],
      "passes": [],
      "failures": [],
      "pending": [],
      "skipped": [],
      "duration": 0,
      "root": true,
      "rootEmpty": true,
      "_timeout": 2000
    },
    {
      "uuid": "95b1aef0-43e2-4d91-8f55-2213b8b826d2",
      "title": "",
      "fullFile": "cypress\\e2e\\Tc_001_Login.spec.cy.js",
      "file": "cypress\\e2e\\Tc_001_Login.spec.cy.js",
      "beforeHooks": [],
      "afterHooks": [],
      "tests": [],
      "suites": [
        {
          "uuid": "df727533-2525-4cbb-8b51-8be359b55126",
          "title": "Login Functionality",
          "fullFile": "",
          "file": "",
          "beforeHooks": [],
          "afterHooks": [],
          "tests": [
            {
              "title": "Login",
              "fullTitle": "Login Functionality Login",
              "timedOut": null,
              "duration": 7859,
              "state": "passed",
              "speed": "medium",
              "pass": true,
              "fail": false,
              "pending": false,
              "context": null,
              "code": "cy.log('Starting the login test...');\ncy.visit('http://139.5.189.142:3111/signin');\ncy.log('Visiting the login page...');\ncy.get('#email').type('ruturajdarekar24@gmail.com');\ncy.log('Typing email...');\ncy.get('#password').type('Test@123');\ncy.log('Typing password...');\ncy.get('.signinform-button').click();\ncy.log('Clicking the sign-in button...');\ncy.title().should('eq', 'My Funding Account');\ncy.log('Asserting the title...');\ncy.log('Login test completed.');",
              "err": {},
              "uuid": "73258007-d953-4179-a323-58ea210d31de",
              "parentUUID": "df727533-2525-4cbb-8b51-8be359b55126",
              "isHook": false,
              "skipped": false
            }
          ],
          "suites": [],
          "passes": [
            "73258007-d953-4179-a323-58ea210d31de"
          ],
          "failures": [],
          "pending": [],
          "skipped": [],
          "duration": 7859,
          "root": false,
          "rootEmpty": false,
          "_timeout": 2000
        }
      ],
      "passes": [],
      "failures": [],
      "pending": [],
      "skipped": [],
      "duration": 0,
      "root": true,
      "rootEmpty": true,
      "_timeout": 2000
    },
    {
      "uuid": "e07eed3a-6393-4258-aca6-b6cad7bde64d",
      "title": "",
      "fullFile": "cypress\\e2e\\Tc_002_Radio_Button.spec.cy.js",
      "file": "cypress\\e2e\\Tc_002_Radio_Button.spec.cy.js",
      "beforeHooks": [],
      "afterHooks": [],
      "tests": [],
      "suites": [
        {
          "uuid": "120dbdac-248d-4b51-9b8e-20030f82e037",
          "title": "Login Functionality",
          "fullFile": "",
          "file": "",
          "beforeHooks": [],
          "afterHooks": [],
          "tests": [
            {
              "title": "Login EE",
              "fullTitle": "Login Functionality Login EE",
              "timedOut": null,
              "duration": 5272,
              "state": "passed",
              "speed": "medium",
              "pass": true,
              "fail": false,
              "pending": false,
              "context": null,
              "code": "cy.visit('http://139.5.189.142:3111/signin');\ncy.get('#email').type('ruturajdarekar24@gmail.com');\ncy.get('#password').type('Test@123');\ncy.get('.signinform-button').click();\ncy.get('body > div:nth-child(2) > div:nth-child(1) > div:nth-child(2) > div:nth-child(1) > div:nth-child(1) > div:nth-child(2) > a:nth-child(3)').click();\ncy.get('body > div:nth-child(2) > div:nth-child(1) > div:nth-child(2) > div:nth-child(2) > div:nth-child(1) > div:nth-child(2) > div:nth-child(3) > div:nth-child(1) > div:nth-child(2) > div:nth-child(1) > div:nth-child(2) > ul:nth-child(1) > li:nth-child(4) > div:nth-child(1) > div:nth-child(2) > div:nth-child(3) > a:nth-child(1) > button:nth-child(1) > p:nth-child(1)').scrollIntoView();\ncy.get('button[aria-label=\"Next slide\"]').click().click().click();\ncy.get('body > div:nth-child(2) > div:nth-child(1) > div:nth-child(2) > div:nth-child(2) > div:nth-child(1) > div:nth-child(2) > div:nth-child(3) > div:nth-child(1) > div:nth-child(2) > div:nth-child(1) > div:nth-child(2) > ul:nth-child(1) > li:nth-child(4) > div:nth-child(1) > div:nth-child(2) > div:nth-child(3) > a:nth-child(1) > button:nth-child(1)').click();\ncy.get('body > div:nth-child(2) > div:nth-child(1) > div:nth-child(2) > div:nth-child(2) > div:nth-child(1) > div:nth-child(2) > div:nth-child(2) > div:nth-child(2) > div:nth-child(1) > div:nth-child(1) > div:nth-child(3)').scrollIntoView();\ncy.get('body > div:nth-child(2) > div:nth-child(1) > div:nth-child(2) > div:nth-child(2) > div:nth-child(1) > div:nth-child(2) > div:nth-child(2) > div:nth-child(2) > div:nth-child(1) > div:nth-child(1) > div:nth-child(3) > div:nth-child(1) > div:nth-child(1) > input:nth-child(1)').should('not.be.checked').click();",
              "err": {},
              "uuid": "5a0b8942-e2c6-46ba-95c9-3772da9928ac",
              "parentUUID": "120dbdac-248d-4b51-9b8e-20030f82e037",
              "isHook": false,
              "skipped": false
            }
          ],
          "suites": [],
          "passes": [
            "5a0b8942-e2c6-46ba-95c9-3772da9928ac"
          ],
          "failures": [],
          "pending": [],
          "skipped": [],
          "duration": 5272,
          "root": false,
          "rootEmpty": false,
          "_timeout": 2000
        }
      ],
      "passes": [],
      "failures": [],
      "pending": [],
      "skipped": [],
      "duration": 0,
      "root": true,
      "rootEmpty": true,
      "_timeout": 2000
    },
    {
      "uuid": "6eb60358-5f63-40c6-989e-5917ea98e569",
      "title": "",
      "fullFile": "cypress\\e2e\\Tc_003_Checkbox.spec.cy.js",
      "file": "cypress\\e2e\\Tc_003_Checkbox.spec.cy.js",
      "beforeHooks": [],
      "afterHooks": [],
      "tests": [],
      "suites": [
        {
          "uuid": "a547daaf-0556-4244-9e2c-6e1a9194ed5e",
          "title": "Login Functionality",
          "fullFile": "",
          "file": "",
          "beforeHooks": [],
          "afterHooks": [],
          "tests": [
            {
              "title": "Login EE",
              "fullTitle": "Login Functionality Login EE",
              "timedOut": null,
              "duration": 6474,
              "state": "failed",
              "speed": null,
              "pass": false,
              "fail": true,
              "pending": false,
              "context": "[\n  \"assets/Tc_003_Checkbox.spec.cy.js/Login Functionality -- Login EE (failed).png\",\n  \"../Tc_003_Checkbox.spec.cy.js/Login Functionality -- Login EE (failed).mp4\"\n]",
              "code": "cy.visit('http://139.5.189.142:3111/signin');\ncy.get('#email').type('ruturajdarekar24@gmail.com');\ncy.get('#password').type('Test@123');\ncy.get('.signinform-button').click();\ncy.get('body > div:nth-child(2) > div:nth-child(1) > div:nth-child(2) > div:nth-child(1) > div:nth-child(1) > div:nth-child(2) > a:nth-child(3)').click();\ncy.get('body > div:nth-child(2) > div:nth-child(1) > div:nth-child(2) > div:nth-child(2) > div:nth-child(1) > div:nth-child(2) > div:nth-child(3) > div:nth-child(1) > div:nth-child(2) > div:nth-child(1) > div:nth-child(2) > ul:nth-child(1) > li:nth-child(4) > div:nth-child(1) > div:nth-child(2) > div:nth-child(3) > a:nth-child(1) > button:nth-child(1) > p:nth-child(1)').scrollIntoView();\ncy.get('button[aria-label=\"Next slide\"]').click().click().click();\ncy.get('body > div:nth-child(2) > div:nth-child(1) > div:nth-child(2) > div:nth-child(2) > div:nth-child(1) > div:nth-child(2) > div:nth-child(3) > div:nth-child(1) > div:nth-child(2) > div:nth-child(1) > div:nth-child(2) > ul:nth-child(1) > li:nth-child(4) > div:nth-child(1) > div:nth-child(2) > div:nth-child(3) > a:nth-child(1) > button:nth-child(1)').click();\ncy.get('/html[1]/body[1]/div[1]/div[1]/div[2]/div[2]/div[1]/div[2]/div[2]/div[1]/div[2]/div[2]/div[1]/div[1]/div[2]/div[1]/div[3]/div[1]/label[1]/span[1]/*[name()=\"svg\"][1]').scrollIntoView();\ncy.get('svg').should('not.be.checked').click();",
              "err": {
                "message": "Error: Syntax error, unrecognized expression: /html[1]/body[1]/div[1]/div[1]/div[2]/div[2]/div[1]/div[2]/div[2]/div[1]/div[2]/div[2]/div[1]/div[1]/div[2]/div[1]/div[3]/div[1]/label[1]/span[1]/*[name()=\"svg\"][1]",
                "estack": "Error: Syntax error, unrecognized expression: /html[1]/body[1]/div[1]/div[1]/div[2]/div[2]/div[1]/div[2]/div[2]/div[1]/div[2]/div[2]/div[1]/div[1]/div[2]/div[1]/div[3]/div[1]/label[1]/span[1]/*[name()=\"svg\"][1]\n    at Sizzle.error (http://139.5.189.142:3111/__cypress/runner/cypress_runner.js:8470:8)\n    at Sizzle.tokenize (http://139.5.189.142:3111/__cypress/runner/cypress_runner.js:9122:11)\n    at Sizzle.select (http://139.5.189.142:3111/__cypress/runner/cypress_runner.js:9549:20)\n    at Function.Sizzle [as find] (http://139.5.189.142:3111/__cypress/runner/cypress_runner.js:7774:9)\n    at jQuery.fn.init.find (http://139.5.189.142:3111/__cypress/runner/cypress_runner.js:9805:11)\n    at new jQuery.fn.init (http://139.5.189.142:3111/__cypress/runner/cypress_runner.js:9920:40)\n    at Object.query (http://139.5.189.142:3111/__cypress/runner/cypress_runner.js:34703:10)\n    at $Cy.$$ (http://139.5.189.142:3111/__cypress/runner/cypress_runner.js:140343:57)\n    at <unknown> (http://139.5.189.142:3111/__cypress/runner/cypress_runner.js:132228:18)\n    at Object.subjectFn (http://139.5.189.142:3111/__cypress/runner/cypress_runner.js:144150:16)\n    at $Cy.verifyUpcomingAssertions (http://139.5.189.142:3111/__cypress/runner/cypress_runner.js:143494:31)\n    at onRetry (http://139.5.189.142:3111/__cypress/runner/cypress_runner.js:144141:15)\n    at retryQuery (http://139.5.189.142:3111/__cypress/runner/cypress_runner.js:144154:10)\n    at <unknown> (http://139.5.189.142:3111/__cypress/runner/cypress_runner.js:144304:17)\n    at tryCatcher (http://139.5.189.142:3111/__cypress/runner/cypress_runner.js:1807:23)\n    at Promise._settlePromiseFromHandler (http://139.5.189.142:3111/__cypress/runner/cypress_runner.js:1519:31)\n    at Promise._settlePromise (http://139.5.189.142:3111/__cypress/runner/cypress_runner.js:1576:18)\n    at Promise._settlePromiseCtx (http://139.5.189.142:3111/__cypress/runner/cypress_runner.js:1613:10)\n    at _drainQueueStep (http://139.5.189.142:3111/__cypress/runner/cypress_runner.js:2411:12)\n    at _drainQueue (http://139.5.189.142:3111/__cypress/runner/cypress_runner.js:2400:9)\n    at Async._drainQueues (http://139.5.189.142:3111/__cypress/runner/cypress_runner.js:2416:5)\n    at Async.drainQueues (http://139.5.189.142:3111/__cypress/runner/cypress_runner.js:2286:14)",
                "diff": null
              },
              "uuid": "0f03ad26-f349-43ca-a58d-6339545fad68",
              "parentUUID": "a547daaf-0556-4244-9e2c-6e1a9194ed5e",
              "isHook": false,
              "skipped": false
            }
          ],
          "suites": [],
          "passes": [],
          "failures": [
            "0f03ad26-f349-43ca-a58d-6339545fad68"
          ],
          "pending": [],
          "skipped": [],
          "duration": 6474,
          "root": false,
          "rootEmpty": false,
          "_timeout": 2000
        }
      ],
      "passes": [],
      "failures": [],
      "pending": [],
      "skipped": [],
      "duration": 0,
      "root": true,
      "rootEmpty": true,
      "_timeout": 2000
    },
    {
      "uuid": "64582bb9-e79f-4680-af4a-273073f652d0",
      "title": "",
      "fullFile": "cypress\\e2e\\Tc_004_Dropdown.spec.cy.js",
      "file": "cypress\\e2e\\Tc_004_Dropdown.spec.cy.js",
      "beforeHooks": [],
      "afterHooks": [],
      "tests": [],
      "suites": [
        {
          "uuid": "3dfb24ba-4c1e-4f55-9d36-17264e7634e4",
          "title": "Login Functionality",
          "fullFile": "",
          "file": "",
          "beforeHooks": [],
          "afterHooks": [],
          "tests": [
            {
              "title": "Login EE",
              "fullTitle": "Login Functionality Login EE",
              "timedOut": null,
              "duration": 5903,
              "state": "passed",
              "speed": "medium",
              "pass": true,
              "fail": false,
              "pending": false,
              "context": null,
              "code": "cy.visit('http://139.5.189.142:3111/signin');\ncy.get('#email').type('ruturajdarekar24@gmail.com');\ncy.get('#password').type('Test@123');\ncy.get('.signinform-button').click();\ncy.get('body > div:nth-child(2) > div:nth-child(1) > div:nth-child(2) > div:nth-child(1) > div:nth-child(1) > div:nth-child(2) > a:nth-child(3)').click();\ncy.get('body > div:nth-child(2) > div:nth-child(1) > div:nth-child(2) > div:nth-child(2) > div:nth-child(1) > div:nth-child(2) > div:nth-child(3) > div:nth-child(1) > div:nth-child(2) > div:nth-child(1) > div:nth-child(2) > ul:nth-child(1) > li:nth-child(4) > div:nth-child(1) > div:nth-child(2) > div:nth-child(3) > a:nth-child(1) > button:nth-child(1) > p:nth-child(1)').scrollIntoView();\ncy.get('button[aria-label=\"Next slide\"]').click().click().click();\ncy.get('body > div:nth-child(2) > div:nth-child(1) > div:nth-child(2) > div:nth-child(2) > div:nth-child(1) > div:nth-child(2) > div:nth-child(3) > div:nth-child(1) > div:nth-child(2) > div:nth-child(1) > div:nth-child(2) > ul:nth-child(1) > li:nth-child(4) > div:nth-child(1) > div:nth-child(2) > div:nth-child(3) > a:nth-child(1) > button:nth-child(1)').click();\ncy.get('body > div:nth-child(2) > div:nth-child(1) > div:nth-child(2) > div:nth-child(2) > div:nth-child(1) > div:nth-child(2) > div:nth-child(2) > div:nth-child(1) > div:nth-child(2) > div:nth-child(2) > div:nth-child(1) > div:nth-child(1) > div:nth-child(2) > div:nth-child(1) > div:nth-child(2) > div:nth-child(1) > div:nth-child(3)').click().contains('Ascendx Pro');",
              "err": {},
              "uuid": "df043fba-b8a5-4fe5-89d1-3d9c9839c91f",
              "parentUUID": "3dfb24ba-4c1e-4f55-9d36-17264e7634e4",
              "isHook": false,
              "skipped": false
            }
          ],
          "suites": [],
          "passes": [
            "df043fba-b8a5-4fe5-89d1-3d9c9839c91f"
          ],
          "failures": [],
          "pending": [],
          "skipped": [],
          "duration": 5903,
          "root": false,
          "rootEmpty": false,
          "_timeout": 2000
        }
      ],
      "passes": [],
      "failures": [],
      "pending": [],
      "skipped": [],
      "duration": 0,
      "root": true,
      "rootEmpty": true,
      "_timeout": 2000
    },
    {
      "uuid": "9b1178cc-5f54-4978-aa53-dd77d791b097",
      "title": "",
      "fullFile": "cypress\\e2e\\Tc_005_Alert.spec.cy.js",
      "file": "cypress\\e2e\\Tc_005_Alert.spec.cy.js",
      "beforeHooks": [],
      "afterHooks": [],
      "tests": [],
      "suites": [
        {
          "uuid": "b0c5c4dc-0d16-4c03-96dc-ab36aaa50dae",
          "title": "Advanced UI Elements",
          "fullFile": "",
          "file": "",
          "beforeHooks": [],
          "afterHooks": [],
          "tests": [
            {
              "title": "Simple alert",
              "fullTitle": "Advanced UI Elements Simple alert",
              "timedOut": null,
              "duration": 3205,
              "state": "passed",
              "speed": "fast",
              "pass": true,
              "fail": false,
              "pending": false,
              "context": null,
              "code": "cy.visit('https://the-internet.herokuapp.com/javascript_alerts');\ncy.contains('Click for JS Alert').click();\ncy.on('window:alert', str => {\n  expect(str).to.equal('I am a JS Alert');\n});\ncy.get('#result').should('contain', 'You successfully clicked an alert');",
              "err": {},
              "uuid": "9db40593-0ae5-4c97-a5ba-58d8d55217d0",
              "parentUUID": "b0c5c4dc-0d16-4c03-96dc-ab36aaa50dae",
              "isHook": false,
              "skipped": false
            },
            {
              "title": "Confirmation alert - Ok button",
              "fullTitle": "Advanced UI Elements Confirmation alert - Ok button",
              "timedOut": null,
              "duration": 1357,
              "state": "passed",
              "speed": "fast",
              "pass": true,
              "fail": false,
              "pending": false,
              "context": null,
              "code": "cy.visit('https://the-internet.herokuapp.com/javascript_alerts');\ncy.contains('Click for JS Confirm').click();\ncy.on('window:confirm', str => {\n  expect(str).to.equal('I am a JS Confirm');\n});\ncy.get('#result').should('contain', 'You clicked: Ok');",
              "err": {},
              "uuid": "97618933-9963-49bb-8450-4e6135f005c7",
              "parentUUID": "b0c5c4dc-0d16-4c03-96dc-ab36aaa50dae",
              "isHook": false,
              "skipped": false
            },
            {
              "title": "Confirmation alert - Cancel button",
              "fullTitle": "Advanced UI Elements Confirmation alert - Cancel button",
              "timedOut": null,
              "duration": 514,
              "state": "passed",
              "speed": "fast",
              "pass": true,
              "fail": false,
              "pending": false,
              "context": null,
              "code": "cy.visit('https://the-internet.herokuapp.com/javascript_alerts');\ncy.contains('Click for JS Confirm').click();\ncy.on('window:confirm', str => {\n  expect(str).to.equal('I am a JS Confirm');\n  return false;\n});\ncy.get('#result').should('contain', 'You clicked: Cancel');",
              "err": {},
              "uuid": "9c4fd6d4-6d55-4a10-85ed-77a76d9d44d3",
              "parentUUID": "b0c5c4dc-0d16-4c03-96dc-ab36aaa50dae",
              "isHook": false,
              "skipped": false
            },
            {
              "title": "Prompt Alert",
              "fullTitle": "Advanced UI Elements Prompt Alert",
              "timedOut": null,
              "duration": 458,
              "state": "passed",
              "speed": "fast",
              "pass": true,
              "fail": false,
              "pending": false,
              "context": null,
              "code": "cy.visit('https://the-internet.herokuapp.com/javascript_alerts');\ncy.window().then(function ($win) {\n  cy.stub($win, 'prompt').returns('Hello Alert');\n  cy.contains('Click for JS Prompt').click();\n});\ncy.get('#result').should('contain', 'You entered: Hello Alert');",
              "err": {},
              "uuid": "66d9adf7-f3ad-478d-8366-ab4bad311177",
              "parentUUID": "b0c5c4dc-0d16-4c03-96dc-ab36aaa50dae",
              "isHook": false,
              "skipped": false
            }
          ],
          "suites": [],
          "passes": [
            "9db40593-0ae5-4c97-a5ba-58d8d55217d0",
            "97618933-9963-49bb-8450-4e6135f005c7",
            "9c4fd6d4-6d55-4a10-85ed-77a76d9d44d3",
            "66d9adf7-f3ad-478d-8366-ab4bad311177"
          ],
          "failures": [],
          "pending": [],
          "skipped": [],
          "duration": 5534,
          "root": false,
          "rootEmpty": false,
          "_timeout": 2000
        }
      ],
      "passes": [],
      "failures": [],
      "pending": [],
      "skipped": [],
      "duration": 0,
      "root": true,
      "rootEmpty": true,
      "_timeout": 2000
    },
    {
      "uuid": "f91716ee-99b1-4fb0-9408-ce023c1e867f",
      "title": "",
      "fullFile": "cypress\\e2e\\Tc_006_WebTable.spec.cy.js",
      "file": "cypress\\e2e\\Tc_006_WebTable.spec.cy.js",
      "beforeHooks": [],
      "afterHooks": [],
      "tests": [],
      "suites": [
        {
          "uuid": "8e5ab042-ae96-4952-9d0a-dc54170a7b75",
          "title": "Advanced UI Elements",
          "fullFile": "",
          "file": "",
          "beforeHooks": [],
          "afterHooks": [],
          "tests": [
            {
              "title": "Web Tables",
              "fullTitle": "Advanced UI Elements Web Tables",
              "timedOut": null,
              "duration": 2665,
              "state": "passed",
              "speed": "fast",
              "pass": true,
              "fail": false,
              "pending": false,
              "context": null,
              "code": "cy.visit('https://the-internet.herokuapp.com/tables');\n// 1 - Check value present anywhere in the table\ncy.get('#table1').contains('td', 'http://www.jdoe.com').should('be.visible');\n// 2 - Check value based on specific row and column\ncy.get(`#table1>tbody>tr:nth-child(${row})>td:nth-child(${col})`).contains('td', 'jsmith@gmail.com').should('be.visible');\n// 3 - Check value based on a condition\ncy.get('#table1>tbody>tr>td:nth-child(2)').each(($ele, index, $list) => {\n  const fname = $ele.text();\n  if (fname.includes('Frank')) {\n    cy.get('#table1>tbody>tr>td:nth-child(4)').eq(index).then(function ($due) {\n      const dueAmount = $due.text();\n      expect(dueAmount).to.equal('$51.00');\n    });\n  }\n});",
              "err": {},
              "uuid": "b29b6858-f94e-46b8-83ad-c60482bb38cd",
              "parentUUID": "8e5ab042-ae96-4952-9d0a-dc54170a7b75",
              "isHook": false,
              "skipped": false
            }
          ],
          "suites": [],
          "passes": [
            "b29b6858-f94e-46b8-83ad-c60482bb38cd"
          ],
          "failures": [],
          "pending": [],
          "skipped": [],
          "duration": 2665,
          "root": false,
          "rootEmpty": false,
          "_timeout": 2000
        }
      ],
      "passes": [],
      "failures": [],
      "pending": [],
      "skipped": [],
      "duration": 0,
      "root": true,
      "rootEmpty": true,
      "_timeout": 2000
    },
    {
      "uuid": "e424ce17-386e-4d5f-86f1-ad9acff51185",
      "title": "",
      "fullFile": "cypress\\e2e\\Tc_007_ifream.spec.cy.js",
      "file": "cypress\\e2e\\Tc_007_ifream.spec.cy.js",
      "beforeHooks": [],
      "afterHooks": [],
      "tests": [],
      "suites": [
        {
          "uuid": "af843e25-39be-4ff1-8b39-b27a92b6f873",
          "title": "Advanced UI Elements",
          "fullFile": "",
          "file": "",
          "beforeHooks": [],
          "afterHooks": [],
          "tests": [
            {
              "title": "Iframes",
              "fullTitle": "Advanced UI Elements Iframes",
              "timedOut": null,
              "duration": 4620,
              "state": "passed",
              "speed": "fast",
              "pass": true,
              "fail": false,
              "pending": false,
              "context": null,
              "code": "cy.visit('https://the-internet.herokuapp.com/iframe');\ncy.get('#mce_0_ifr').within(function ($iframe) {\n  //Adding Wait for page to load fully\n  cy.wait(500);\n  const frame = $iframe.contents().find('#tinymce');\n  cy.wrap(frame).clear().type(\"Hello\");\n});",
              "err": {},
              "uuid": "58ad9913-b455-41ac-acb3-71999fabf2ff",
              "parentUUID": "af843e25-39be-4ff1-8b39-b27a92b6f873",
              "isHook": false,
              "skipped": false
            }
          ],
          "suites": [],
          "passes": [
            "58ad9913-b455-41ac-acb3-71999fabf2ff"
          ],
          "failures": [],
          "pending": [],
          "skipped": [],
          "duration": 4620,
          "root": false,
          "rootEmpty": false,
          "_timeout": 2000
        }
      ],
      "passes": [],
      "failures": [],
      "pending": [],
      "skipped": [],
      "duration": 0,
      "root": true,
      "rootEmpty": true,
      "_timeout": 2000
    },
    {
      "uuid": "f71eda9a-ef01-4b55-9b17-00cb934ccc43",
      "title": "",
      "fullFile": "cypress\\e2e\\Tc_009_Browser_control.spec.cy.js",
      "file": "cypress\\e2e\\Tc_009_Browser_control.spec.cy.js",
      "beforeHooks": [],
      "afterHooks": [],
      "tests": [],
      "suites": [
        {
          "uuid": "c87d9087-0e95-4c39-a6be-d62aa7c9459b",
          "title": "Browsers controls",
          "fullFile": "",
          "file": "",
          "beforeHooks": [],
          "afterHooks": [],
          "tests": [
            {
              "title": "controls",
              "fullTitle": "Browsers controls controls",
              "timedOut": null,
              "duration": 5151,
              "state": "passed",
              "speed": "medium",
              "pass": true,
              "fail": false,
              "pending": false,
              "context": null,
              "code": "cy.visit('http://139.5.189.142:3111/signin');\ncy.get('#email').type('ruturajdarekar24@gmail.com');\ncy.get('#password').type('Test@123');\ncy.get('.signinform-button').click();\ncy.get('body > div:nth-child(2) > div:nth-child(1) > div:nth-child(2) > div:nth-child(1) > div:nth-child(1) > div:nth-child(2) > a:nth-child(2)').click();\ncy.go('back');\ncy.go('forward');\ncy.reload();",
              "err": {},
              "uuid": "24667db0-e708-4ac6-b086-2f8603aee216",
              "parentUUID": "c87d9087-0e95-4c39-a6be-d62aa7c9459b",
              "isHook": false,
              "skipped": false
            }
          ],
          "suites": [],
          "passes": [
            "24667db0-e708-4ac6-b086-2f8603aee216"
          ],
          "failures": [],
          "pending": [],
          "skipped": [],
          "duration": 5151,
          "root": false,
          "rootEmpty": false,
          "_timeout": 2000
        }
      ],
      "passes": [],
      "failures": [],
      "pending": [],
      "skipped": [],
      "duration": 0,
      "root": true,
      "rootEmpty": true,
      "_timeout": 2000
    },
    {
      "uuid": "7fa3466c-551e-4178-b8a8-6d4f62d6b427",
      "title": "",
      "fullFile": "cypress\\e2e\\Tc_010_hookimplimanation.spec.cy.js",
      "file": "cypress\\e2e\\Tc_010_hookimplimanation.spec.cy.js",
      "beforeHooks": [],
      "afterHooks": [],
      "tests": [],
      "suites": [
        {
          "uuid": "75bfdb34-5767-4c96-b66f-10fc0837b5d7",
          "title": "Hook implimntition",
          "fullFile": "",
          "file": "",
          "beforeHooks": [],
          "afterHooks": [],
          "tests": [
            {
              "title": "check the Payment history",
              "fullTitle": "Hook implimntition check the Payment history",
              "timedOut": null,
              "duration": 3970,
              "state": "passed",
              "speed": "fast",
              "pass": true,
              "fail": false,
              "pending": false,
              "context": null,
              "code": "cy.get('body > div:nth-child(2) > div:nth-child(1) > div:nth-child(2) > div:nth-child(1) > div:nth-child(1) > div:nth-child(2) > a:nth-child(2)').click();",
              "err": {},
              "uuid": "369655cb-b149-4f9d-b828-7d1ebade3f5c",
              "parentUUID": "75bfdb34-5767-4c96-b66f-10fc0837b5d7",
              "isHook": false,
              "skipped": false
            },
            {
              "title": "To check download functionality",
              "fullTitle": "Hook implimntition To check download functionality",
              "timedOut": null,
              "duration": 2499,
              "state": "passed",
              "speed": "fast",
              "pass": true,
              "fail": false,
              "pending": false,
              "context": null,
              "code": "cy.get('body > div:nth-child(2) > div:nth-child(1) > div:nth-child(2) > div:nth-child(1) > div:nth-child(1) > div:nth-child(2) > a:nth-child(6)').click();",
              "err": {},
              "uuid": "f5a5b57b-b56c-42aa-82a4-2f539f006907",
              "parentUUID": "75bfdb34-5767-4c96-b66f-10fc0837b5d7",
              "isHook": false,
              "skipped": false
            }
          ],
          "suites": [],
          "passes": [
            "369655cb-b149-4f9d-b828-7d1ebade3f5c",
            "f5a5b57b-b56c-42aa-82a4-2f539f006907"
          ],
          "failures": [],
          "pending": [],
          "skipped": [],
          "duration": 6469,
          "root": false,
          "rootEmpty": false,
          "_timeout": 2000
        }
      ],
      "passes": [],
      "failures": [],
      "pending": [],
      "skipped": [],
      "duration": 0,
      "root": true,
      "rootEmpty": true,
      "_timeout": 2000
    },
    {
      "uuid": "8e2ac583-8a51-4df5-94d0-bda4f403e203",
      "title": "",
      "fullFile": "cypress\\e2e\\Tc_012_ReadCsv.spec.cy.js",
      "file": "cypress\\e2e\\Tc_012_ReadCsv.spec.cy.js",
      "beforeHooks": [],
      "afterHooks": [],
      "tests": [],
      "suites": [
        {
          "uuid": "eba0281b-c36c-4b2e-a85f-30a3aff990c7",
          "title": "Csv test",
          "fullFile": "",
          "file": "",
          "beforeHooks": [],
          "afterHooks": [],
          "tests": [
            {
              "title": "condit valid credentials",
              "fullTitle": "Csv test condit valid credentials",
              "timedOut": null,
              "duration": 3831,
              "state": "passed",
              "speed": "fast",
              "pass": true,
              "fail": false,
              "pending": false,
              "context": null,
              "code": "cy.visit('http://139.5.189.142:3111/signin');\ncy.get('#email').type(table[0].username);\ncy.get('#password').type(table[0].password);\ncy.get('.signinform-button').click();\ncy.get('body > div:nth-child(2) > div:nth-child(1) > div:nth-child(2) > div:nth-child(1) > div:nth-child(1) > div:nth-child(2) > a:nth-child(8)').click();\ncy.get('.logout-btn').scrollIntoView();\ncy.get('.logout-btn').click();",
              "err": {},
              "uuid": "756f41b3-e3de-4412-8513-65a4fddd2e83",
              "parentUUID": "eba0281b-c36c-4b2e-a85f-30a3aff990c7",
              "isHook": false,
              "skipped": false
            },
            {
              "title": "condit Invalid credentials",
              "fullTitle": "Csv test condit Invalid credentials",
              "timedOut": null,
              "duration": 2092,
              "state": "passed",
              "speed": "fast",
              "pass": true,
              "fail": false,
              "pending": false,
              "context": null,
              "code": "cy.visit('http://139.5.189.142:3111/signin');\ncy.get('#email').type(table[1].username);\ncy.get('#password').type(table[1].password);\ncy.get('.signinform-button').click();\ncy.get('.error_modal_container_bottom').should('contain', 'INVALID PASSWORD');",
              "err": {},
              "uuid": "169ad66e-c0c5-41d4-8dd1-0b207cb41412",
              "parentUUID": "eba0281b-c36c-4b2e-a85f-30a3aff990c7",
              "isHook": false,
              "skipped": false
            }
          ],
          "suites": [],
          "passes": [
            "756f41b3-e3de-4412-8513-65a4fddd2e83",
            "169ad66e-c0c5-41d4-8dd1-0b207cb41412"
          ],
          "failures": [],
          "pending": [],
          "skipped": [],
          "duration": 5923,
          "root": false,
          "rootEmpty": false,
          "_timeout": 2000
        }
      ],
      "passes": [],
      "failures": [],
      "pending": [],
      "skipped": [],
      "duration": 0,
      "root": true,
      "rootEmpty": true,
      "_timeout": 2000
    },
    {
      "uuid": "520ea87b-8ae3-4415-835c-ebb372db143f",
      "title": "",
      "fullFile": "cypress\\e2e\\Tc13_CustomCommand.spec.cy.js",
      "file": "cypress\\e2e\\Tc13_CustomCommand.spec.cy.js",
      "beforeHooks": [],
      "afterHooks": [],
      "tests": [],
      "suites": [
        {
          "uuid": "724d4802-0878-4917-a698-13cb7db2be13",
          "title": "Fixtures test",
          "fullFile": "",
          "file": "",
          "beforeHooks": [],
          "afterHooks": [],
          "tests": [
            {
              "title": "Conduit - Valid Credentials",
              "fullTitle": "Fixtures test Conduit - Valid Credentials",
              "timedOut": null,
              "duration": 225,
              "state": "failed",
              "speed": null,
              "pass": false,
              "fail": true,
              "pending": false,
              "context": "[\n  \"assets/Tc13_CustomCommand.spec.cy.js/Fixtures test -- Conduit - Valid Credentials (failed).png\",\n  \"../Tc13_CustomCommand.spec.cy.js/Fixtures test -- Conduit - Valid Credentials (failed).mp4\"\n]",
              "code": "cy.conduitLogin(this.data.email, this.data.password);\ncy.get('body > div:nth-child(2) > div:nth-child(1) > div:nth-child(2) > div:nth-child(1) > div:nth-child(1) > div:nth-child(2) > a:nth-child(8)').click();\ncy.get('.logout-btn').scrollIntoView();\ncy.get('.logout-btn').click();",
              "err": {
                "message": "TypeError: cy.conduitLogin is not a function",
                "estack": "TypeError: cy.conduitLogin is not a function\n    at Context.eval (webpack://cypress-udemy-course/./cypress/e2e/Tc13_CustomCommand.spec.cy.js:10:11)",
                "diff": null
              },
              "uuid": "2dd991ec-89e9-45fe-9544-032b4814b93c",
              "parentUUID": "724d4802-0878-4917-a698-13cb7db2be13",
              "isHook": false,
              "skipped": false
            },
            {
              "title": "Conduit - Invalid Credentials",
              "fullTitle": "Fixtures test Conduit - Invalid Credentials",
              "timedOut": null,
              "duration": 215,
              "state": "failed",
              "speed": null,
              "pass": false,
              "fail": true,
              "pending": false,
              "context": "[\n  \"assets/Tc13_CustomCommand.spec.cy.js/Fixtures test -- Conduit - Invalid Credentials (failed).png\",\n  \"../Tc13_CustomCommand.spec.cy.js/Fixtures test -- Conduit - Invalid Credentials (failed).mp4\"\n]",
              "code": "cy.conduitLogin(this.data.email, this.data.passwordWrong);\ncy.get('body > div:nth-child(2) > div:nth-child(1) > div:nth-child(2) > div:nth-child(1) > div:nth-child(1) > div:nth-child(2) > a:nth-child(8)').click();\ncy.get('.error_modal_container_bottom').should('contain', 'INVALID PASSWORD');",
              "err": {
                "message": "TypeError: cy.conduitLogin is not a function",
                "estack": "TypeError: cy.conduitLogin is not a function\n    at Context.eval (webpack://cypress-udemy-course/./cypress/e2e/Tc13_CustomCommand.spec.cy.js:17:11)",
                "diff": null
              },
              "uuid": "0cd851fa-d800-4b89-91ba-0e9ee923e4b5",
              "parentUUID": "724d4802-0878-4917-a698-13cb7db2be13",
              "isHook": false,
              "skipped": false
            }
          ],
          "suites": [],
          "passes": [],
          "failures": [
            "2dd991ec-89e9-45fe-9544-032b4814b93c",
            "0cd851fa-d800-4b89-91ba-0e9ee923e4b5"
          ],
          "pending": [],
          "skipped": [],
          "duration": 440,
          "root": false,
          "rootEmpty": false,
          "_timeout": 2000
        }
      ],
      "passes": [],
      "failures": [],
      "pending": [],
      "skipped": [],
      "duration": 0,
      "root": true,
      "rootEmpty": true,
      "_timeout": 2000
    }
  ],
  "meta": {
    "mocha": {
      "version": "7.0.1"
    },
    "mochawesome": {
      "options": {
        "quiet": true,
        "reportFilename": "mochawesome",
        "saveHtml": false,
        "saveJson": true,
        "consoleReporter": "spec",
        "useInlineDiffs": false,
        "code": true
      },
      "version": "7.1.3"
    },
    "marge": {
      "options": {
        "id": "default",
        "reportDir": "cypress/reports/mocha",
        "quiet": true,
        "overwrite": false,
        "html": false,
        "json": true,
        "video": true
      },
      "version": "6.2.0"
    }
  }
}